<?xml version="1.0" encoding="UTF-8"?>
<!-- Generated by org.testng.reporters.JUnitReportReporter -->
<testsuite skipped="0" hostname="jack-PC" name="MainTest" tests="1" failures="0" timestamp="27 五月 2020 03:53:14 GMT" time="0.028" errors="0">
  <testcase name="testMain" time="0.028" classname="MainTest"/>
</testsuite> <!-- MainTest -->
